2022-11-17 21:10:04,020 INFO  [background-preinit] o.h.v.i.u.Version - HV000001: Hibernate Validator 6.1.7.Final
2022-11-17 21:10:04,043 INFO  [restartedMain] m.WebApplication - Starting WebApplication using Java 11.0.16.1 on DESKTOP-CTV7T2Q with PID 13436 (C:\Users\USER\IdeaProjects\myDP\market-web\target\classes started by USER in C:\Users\USER\IdeaProjects\myDP)
2022-11-17 21:10:04,045 DEBUG [restartedMain] m.WebApplication - Running with Spring Boot v2.4.3, Spring v5.3.4
2022-11-17 21:10:04,046 INFO  [restartedMain] m.WebApplication - No active profile set, falling back to default profiles: default
2022-11-17 21:10:04,081 WARN  [restartedMain] o.s.b.c.c.ConfigDataEnvironment - Property 'spring.profiles' imported from location 'class path resource [application.yml]' is invalid and should be replaced with 'spring.config.activate.on-profile' [origin: class path resource [application.yml] - 26:13]
2022-11-17 21:10:04,082 INFO  [restartedMain] o.s.b.d.e.DevToolsPropertyDefaultsPostProcessor - Devtools property defaults active! Set 'spring.devtools.add-properties' to 'false' to disable
2022-11-17 21:10:04,082 INFO  [restartedMain] o.s.b.d.e.DevToolsPropertyDefaultsPostProcessor - For additional web related logging consider setting the 'logging.level.web' property to 'DEBUG'
2022-11-17 21:10:04,789 INFO  [restartedMain] o.s.d.r.c.RepositoryConfigurationDelegate - Bootstrapping Spring Data JPA repositories in DEFAULT mode.
2022-11-17 21:10:04,904 INFO  [restartedMain] o.s.d.r.c.RepositoryConfigurationDelegate - Finished Spring Data repository scanning in 108 ms. Found 8 JPA repository interfaces.
2022-11-17 21:10:05,116 INFO  [restartedMain] o.s.c.s.PostProcessorRegistrationDelegate$BeanPostProcessorChecker - Bean 'market.DataConfig' of type [market.DataConfig$$EnhancerBySpringCGLIB$$eec3d245] is not eligible for getting processed by all BeanPostProcessors (for example: not eligible for auto-proxying)
2022-11-17 21:10:05,209 INFO  [restartedMain] o.s.c.s.PostProcessorRegistrationDelegate$BeanPostProcessorChecker - Bean 'org.springframework.security.access.expression.method.DefaultMethodSecurityExpressionHandler@576cdc4' of type [org.springframework.security.access.expression.method.DefaultMethodSecurityExpressionHandler] is not eligible for getting processed by all BeanPostProcessors (for example: not eligible for auto-proxying)
2022-11-17 21:10:05,214 INFO  [restartedMain] o.s.c.s.PostProcessorRegistrationDelegate$BeanPostProcessorChecker - Bean 'methodSecurityMetadataSource' of type [org.springframework.security.access.method.DelegatingMethodSecurityMetadataSource] is not eligible for getting processed by all BeanPostProcessors (for example: not eligible for auto-proxying)
2022-11-17 21:10:05,444 INFO  [restartedMain] o.s.b.w.e.t.TomcatWebServer - Tomcat initialized with port(s): 8080 (http)
2022-11-17 21:10:05,452 INFO  [restartedMain] o.a.c.h.Http11NioProtocol - Initializing ProtocolHandler ["http-nio-8080"]
2022-11-17 21:10:05,452 INFO  [restartedMain] o.a.c.c.StandardService - Starting service [Tomcat]
2022-11-17 21:10:05,452 INFO  [restartedMain] o.a.c.c.StandardEngine - Starting Servlet engine: [Apache Tomcat/9.0.43]
2022-11-17 21:10:05,523 INFO  [restartedMain] o.a.c.c.C.[.[.[/] - Initializing Spring embedded WebApplicationContext
2022-11-17 21:10:05,523 INFO  [restartedMain] o.s.b.w.s.c.ServletWebServerApplicationContext - Root WebApplicationContext: initialization completed in 1434 ms
2022-11-17 21:10:05,561 INFO  [restartedMain] c.z.h.HikariDataSource - HikariPool-1 - Starting...
2022-11-17 21:10:05,641 INFO  [restartedMain] c.z.h.HikariDataSource - HikariPool-1 - Start completed.
2022-11-17 21:10:05,696 INFO  [restartedMain] o.s.b.a.h.H2ConsoleAutoConfiguration - H2 console available at '/h2-console'. Database available at 'jdbc:h2:mem:aa02fa81-3ac3-4893-85fd-ea5f04256cba'
2022-11-17 21:10:05,835 INFO  [restartedMain] o.s.b.d.a.OptionalLiveReloadServer - LiveReload server is running on port 35729
2022-11-17 21:10:05,860 INFO  [restartedMain] o.h.j.i.u.LogHelper - HHH000204: Processing PersistenceUnitInfo [name: default]
2022-11-17 21:10:05,898 INFO  [restartedMain] o.h.Version - HHH000412: Hibernate ORM core version 5.4.28.Final
2022-11-17 21:10:05,988 INFO  [restartedMain] o.h.a.c.Version - HCANN000001: Hibernate Commons Annotations {5.1.2.Final}
2022-11-17 21:10:06,122 INFO  [restartedMain] o.h.d.Dialect - HHH000400: Using dialect: org.hibernate.dialect.H2Dialect
2022-11-17 21:10:06,270 WARN  [restartedMain] o.h.b.i.InFlightMetadataCollectorImpl - HHH000069: Duplicate generator name gen
2022-11-17 21:10:06,764 INFO  [restartedMain] o.h.e.t.j.p.i.JtaPlatformInitiator - HHH000490: Using JtaPlatform implementation: [org.hibernate.engine.transaction.jta.platform.internal.NoJtaPlatform]
2022-11-17 21:10:06,782 INFO  [restartedMain] o.s.o.j.LocalContainerEntityManagerFactoryBean - Initialized JPA EntityManagerFactory for persistence unit 'default'
2022-11-17 21:10:07,352 WARN  [restartedMain] o.s.b.a.o.j.JpaBaseConfiguration$JpaWebConfiguration - spring.jpa.open-in-view is enabled by default. Therefore, database queries may be performed during view rendering. Explicitly configure spring.jpa.open-in-view to disable this warning
2022-11-17 21:10:07,596 INFO  [restartedMain] o.s.s.w.DefaultSecurityFilterChain - Will secure any request with [org.springframework.security.web.context.request.async.WebAsyncManagerIntegrationFilter@23378fd6, org.springframework.security.web.context.SecurityContextPersistenceFilter@26236dec, org.springframework.security.web.header.HeaderWriterFilter@2d3b0856, org.springframework.security.web.authentication.logout.LogoutFilter@4bdbeb30, org.springframework.security.web.authentication.UsernamePasswordAuthenticationFilter@480954ce, org.springframework.security.web.session.ConcurrentSessionFilter@7509cf57, org.springframework.security.web.authentication.www.BasicAuthenticationFilter@7244d8be, org.springframework.security.web.savedrequest.RequestCacheAwareFilter@5d8e7a82, org.springframework.security.web.servletapi.SecurityContextHolderAwareRequestFilter@6d496c1e, org.springframework.security.web.authentication.rememberme.RememberMeAuthenticationFilter@74e34124, org.springframework.security.web.authentication.AnonymousAuthenticationFilter@34a70a08, org.springframework.security.web.session.SessionManagementFilter@21e8430a, org.springframework.security.web.access.ExceptionTranslationFilter@584d88fa, org.springframework.security.web.access.intercept.FilterSecurityInterceptor@6de7946f]
2022-11-17 21:10:07,690 INFO  [restartedMain] o.s.s.c.ThreadPoolTaskExecutor - Initializing ExecutorService 'applicationTaskExecutor'
2022-11-17 21:10:07,766 INFO  [restartedMain] o.s.b.a.w.s.WelcomePageHandlerMapping - Adding welcome page template: index
2022-11-17 21:10:07,999 INFO  [restartedMain] o.a.c.h.Http11NioProtocol - Starting ProtocolHandler ["http-nio-8080"]
2022-11-17 21:10:08,017 INFO  [restartedMain] o.s.b.w.e.t.TomcatWebServer - Tomcat started on port(s): 8080 (http) with context path ''
2022-11-17 21:10:08,028 INFO  [restartedMain] m.WebApplication - Started WebApplication in 4.33 seconds (JVM running for 5.362)
2022-11-17 21:10:34,745 INFO  [http-nio-8080-exec-1] o.a.c.c.C.[.[.[/] - Initializing Spring DispatcherServlet 'dispatcherServlet'
2022-11-17 21:10:34,745 INFO  [http-nio-8080-exec-1] o.s.w.s.DispatcherServlet - Initializing Servlet 'dispatcherServlet'
2022-11-17 21:10:34,746 INFO  [http-nio-8080-exec-1] o.s.w.s.DispatcherServlet - Completed initialization in 1 ms
